<?xml version="1.0" encoding="UTF-8"?>
<!-- Generated by org.testng.reporters.JUnitReportReporter -->
<testsuite hostname="DESKTOP-H41JRIE" failures="0" tests="1" name="testcases.AddUserTest" time="3.715" errors="0" timestamp="2025-06-30T13:20:01 IST" skipped="0">
  <testcase classname="testcases.AddUserTest" name="addUser" time="3.715"/>
  <system-out/>
</testsuite> <!-- testcases.AddUserTest -->
