<?xml version="1.0" encoding="UTF-8"?>
<!-- Generated by org.testng.reporters.JUnitReportReporter -->
<testsuite hostname="DESKTOP-H41JRIE" failures="0" tests="1" name="com.telecom.testcases.LoginUser" time="1.365" errors="0" timestamp="2025-06-30T16:29:01 IST" skipped="0">
  <testcase classname="com.telecom.testcases.LoginUser" name="loginUser" time="1.365"/>
  <system-out/>
</testsuite> <!-- com.telecom.testcases.LoginUser -->
