<?xml version="1.0" encoding="UTF-8"?>
<!-- Generated by org.testng.reporters.JUnitReportReporter -->
<testsuite hostname="DESKTOP-H41JRIE" failures="0" tests="1" name="testcases.AddNewUser" time="4.656" errors="0" timestamp="2025-06-30T15:39:48 IST" skipped="0">
  <testcase classname="testcases.AddNewUser" name="addUser" time="4.656"/>
  <system-out/>
</testsuite> <!-- testcases.AddNewUser -->
