<?xml version="1.0" encoding="UTF-8"?>
<!-- Generated by org.testng.reporters.JUnitReportReporter -->
<testsuite hostname="DESKTOP-H41JRIE" failures="0" tests="10" name="com.telecom.testcases.ContactListApplicationTest" time="17.187" errors="0" timestamp="2025-08-01T18:43:51 IST" skipped="0">
  <testcase classname="com.telecom.testcases.ContactListApplicationTest" name="addNewUser" time="5.414"/>
  <system-out/>
  <testcase classname="com.telecom.testcases.ContactListApplicationTest" name="getUserProfile" time="1.318"/>
  <system-out/>
  <testcase classname="com.telecom.testcases.ContactListApplicationTest" name="updateUser" time="1.303"/>
  <system-out/>
  <testcase classname="com.telecom.testcases.ContactListApplicationTest" name="loginUser" time="1.396"/>
  <system-out/>
  <testcase classname="com.telecom.testcases.ContactListApplicationTest" name="addContact" time="1.271"/>
  <system-out/>
  <testcase classname="com.telecom.testcases.ContactListApplicationTest" name="getContactList" time="1.375"/>
  <system-out/>
  <testcase classname="com.telecom.testcases.ContactListApplicationTest" name="getContactById" time="1.235"/>
  <system-out/>
  <testcase classname="com.telecom.testcases.ContactListApplicationTest" name="updateFullContact" time="1.389"/>
  <system-out/>
  <testcase classname="com.telecom.testcases.ContactListApplicationTest" name="updatePartialContact" time="1.249"/>
  <system-out/>
  <testcase classname="com.telecom.testcases.ContactListApplicationTest" name="logoutUser" time="1.237"/>
  <system-out/>
</testsuite> <!-- com.telecom.testcases.ContactListApplicationTest -->
