<?xml version="1.0" encoding="UTF-8"?>
<!-- Generated by org.testng.reporters.JUnitReportReporter -->
<testsuite hostname="DESKTOP-H41JRIE" failures="0" tests="1" name="com.telecom.testcases.Get_User_Profile" time="1.288" errors="0" timestamp="2025-06-30T16:29:01 IST" skipped="0">
  <testcase classname="com.telecom.testcases.Get_User_Profile" name="getProfile" time="1.288"/>
  <system-out/>
</testsuite> <!-- com.telecom.testcases.Get_User_Profile -->
